2025-04-13 10:38:42.377 [main] INFO  com.spark.SparkWebManagementApplication-Starting SparkWebManagementApplication using Java 1.8.0_381 on LAPTOP-UUOPFAT0 with PID 26284 (G:\open\Spark-web-management\target\classes started by krystal in G:\open\Spark-web-management)
2025-04-13 10:38:42.378 [main] INFO  com.spark.SparkWebManagementApplication-No active profile set, falling back to 1 default profile: "default"
2025-04-13 10:38:42.955 [main] INFO  o.s.boot.web.embedded.tomcat.TomcatWebServer-Tomcat initialized with port(s): 8080 (http)
2025-04-13 10:38:42.955 [main] INFO  org.apache.catalina.core.AprLifecycleListener-Loaded Apache Tomcat Native library [1.3.1] using APR version [1.7.4].
2025-04-13 10:38:42.955 [main] INFO  org.apache.catalina.core.AprLifecycleListener-APR capabilities: IPv6 [true], sendfile [true], accept filters [false], random [true], UDS [true].
2025-04-13 10:38:42.967 [main] INFO  org.apache.catalina.core.AprLifecycleListener-APR/OpenSSL configuration: useAprConnector [false], useOpenSSL [true]
2025-04-13 10:38:42.969 [main] INFO  org.apache.catalina.core.AprLifecycleListener-OpenSSL successfully initialized [OpenSSL 3.0.14 4 Jun 2024]
2025-04-13 10:38:42.972 [main] INFO  org.apache.coyote.http11.Http11NioProtocol-Initializing ProtocolHandler ["http-nio-8080"]
2025-04-13 10:38:42.973 [main] INFO  org.apache.catalina.core.StandardService-Starting service [Tomcat]
2025-04-13 10:38:42.973 [main] INFO  org.apache.catalina.core.StandardEngine-Starting Servlet engine: [Apache Tomcat/9.0.68]
2025-04-13 10:38:43.053 [main] INFO  o.a.c.core.ContainerBase.[Tomcat].[localhost].[/]-Initializing Spring embedded WebApplicationContext
2025-04-13 10:38:43.053 [main] INFO  o.s.b.w.s.c.ServletWebServerApplicationContext-Root WebApplicationContext: initialization completed in 653 ms
2025-04-13 10:38:43.508 [main] INFO  o.s.b.actuate.endpoint.web.EndpointLinksResolver-Exposing 1 endpoint(s) beneath base path '/actuator'
2025-04-13 10:38:43.524 [main] INFO  org.apache.coyote.http11.Http11NioProtocol-Starting ProtocolHandler ["http-nio-8080"]
2025-04-13 10:38:43.533 [main] INFO  o.s.boot.web.embedded.tomcat.TomcatWebServer-Tomcat started on port(s): 8080 (http) with context path ''
2025-04-13 10:38:43.542 [main] INFO  com.spark.SparkWebManagementApplication-Started SparkWebManagementApplication in 1.341 seconds (JVM running for 2.002)
2025-04-13 10:38:43.887 [RMI TCP Connection(1)-192.168.116.1] INFO  o.a.c.core.ContainerBase.[Tomcat].[localhost].[/]-Initializing Spring DispatcherServlet 'dispatcherServlet'
2025-04-13 10:38:43.887 [RMI TCP Connection(1)-192.168.116.1] INFO  org.springframework.web.servlet.DispatcherServlet-Initializing Servlet 'dispatcherServlet'
2025-04-13 10:38:43.888 [RMI TCP Connection(1)-192.168.116.1] INFO  org.springframework.web.servlet.DispatcherServlet-Completed initialization in 1 ms
2025-04-13 10:38:44.284 [RMI TCP Connection(4)-192.168.116.1] INFO  com.zaxxer.hikari.HikariDataSource-HikariPool-1 - Starting...
2025-04-13 10:38:44.709 [RMI TCP Connection(4)-192.168.116.1] INFO  com.zaxxer.hikari.HikariDataSource-HikariPool-1 - Start completed.
2025-04-13 10:39:02.027 [SpringApplicationShutdownHook] INFO  com.zaxxer.hikari.HikariDataSource-HikariPool-1 - Shutdown initiated...
2025-04-13 10:39:02.030 [SpringApplicationShutdownHook] INFO  com.zaxxer.hikari.HikariDataSource-HikariPool-1 - Shutdown completed.
2025-04-13 10:39:04.154 [main] INFO  com.spark.SparkWebManagementApplication-Starting SparkWebManagementApplication using Java 1.8.0_381 on LAPTOP-UUOPFAT0 with PID 16380 (G:\open\Spark-web-management\target\classes started by krystal in G:\open\Spark-web-management)
2025-04-13 10:39:04.158 [main] INFO  com.spark.SparkWebManagementApplication-No active profile set, falling back to 1 default profile: "default"
2025-04-13 10:39:05.039 [main] INFO  o.s.boot.web.embedded.tomcat.TomcatWebServer-Tomcat initialized with port(s): 8080 (http)
2025-04-13 10:39:05.040 [main] INFO  org.apache.catalina.core.AprLifecycleListener-Loaded Apache Tomcat Native library [1.3.1] using APR version [1.7.4].
2025-04-13 10:39:05.040 [main] INFO  org.apache.catalina.core.AprLifecycleListener-APR capabilities: IPv6 [true], sendfile [true], accept filters [false], random [true], UDS [true].
2025-04-13 10:39:05.040 [main] INFO  org.apache.catalina.core.AprLifecycleListener-APR/OpenSSL configuration: useAprConnector [false], useOpenSSL [true]
2025-04-13 10:39:05.044 [main] INFO  org.apache.catalina.core.AprLifecycleListener-OpenSSL successfully initialized [OpenSSL 3.0.14 4 Jun 2024]
2025-04-13 10:39:05.052 [main] INFO  org.apache.coyote.http11.Http11NioProtocol-Initializing ProtocolHandler ["http-nio-8080"]
2025-04-13 10:39:05.052 [main] INFO  org.apache.catalina.core.StandardService-Starting service [Tomcat]
2025-04-13 10:39:05.053 [main] INFO  org.apache.catalina.core.StandardEngine-Starting Servlet engine: [Apache Tomcat/9.0.68]
2025-04-13 10:39:05.217 [main] INFO  o.a.c.core.ContainerBase.[Tomcat].[localhost].[/]-Initializing Spring embedded WebApplicationContext
2025-04-13 10:39:05.218 [main] INFO  o.s.b.w.s.c.ServletWebServerApplicationContext-Root WebApplicationContext: initialization completed in 1016 ms
2025-04-13 10:39:06.073 [main] INFO  o.s.b.actuate.endpoint.web.EndpointLinksResolver-Exposing 1 endpoint(s) beneath base path '/actuator'
2025-04-13 10:39:06.097 [main] INFO  org.apache.coyote.http11.Http11NioProtocol-Starting ProtocolHandler ["http-nio-8080"]
2025-04-13 10:39:06.123 [main] INFO  o.s.boot.web.embedded.tomcat.TomcatWebServer-Tomcat started on port(s): 8080 (http) with context path ''
2025-04-13 10:39:06.136 [main] INFO  com.spark.SparkWebManagementApplication-Started SparkWebManagementApplication in 2.266 seconds (JVM running for 3.178)
2025-04-13 10:39:06.573 [RMI TCP Connection(2)-192.168.116.1] INFO  o.a.c.core.ContainerBase.[Tomcat].[localhost].[/]-Initializing Spring DispatcherServlet 'dispatcherServlet'
2025-04-13 10:39:06.573 [RMI TCP Connection(2)-192.168.116.1] INFO  org.springframework.web.servlet.DispatcherServlet-Initializing Servlet 'dispatcherServlet'
2025-04-13 10:39:06.574 [RMI TCP Connection(2)-192.168.116.1] INFO  org.springframework.web.servlet.DispatcherServlet-Completed initialization in 1 ms
2025-04-13 10:39:06.789 [RMI TCP Connection(3)-192.168.116.1] INFO  com.zaxxer.hikari.HikariDataSource-HikariPool-1 - Starting...
2025-04-13 10:39:07.400 [RMI TCP Connection(3)-192.168.116.1] INFO  com.zaxxer.hikari.HikariDataSource-HikariPool-1 - Start completed.
2025-04-13 10:39:20.760 [http-nio-8080-exec-1] INFO  com.spark.controller.EmpController-查询请求参数： EmpQueryParam(page=1, pageSize=10, name=, gender=null, begin=null, end=null)
2025-04-13 10:40:20.132 [http-nio-8080-exec-2] INFO  com.spark.controller.EmpController-新增员工 Emp(id=null, username=ff, password=null, name=ff, gender=1, phone=11111111111, job=2, salary=11, image=, entryDate=2025-04-01, deptId=32, createTime=null, updateTime=null, deptName=null, exprList=[EmpExpr(id=null, empId=null, begin=2025-04-11, end=2025-05-06, company=d, job=d)])
2025-04-13 10:40:20.137 [http-nio-8080-exec-2] DEBUG o.s.jdbc.support.JdbcTransactionManager-Creating new transaction with name [com.spark.service.impl.EmpServiceImpl.save]: PROPAGATION_REQUIRED,ISOLATION_DEFAULT,-java.lang.Exception
2025-04-13 10:40:20.139 [http-nio-8080-exec-2] DEBUG o.s.jdbc.support.JdbcTransactionManager-Acquired Connection [HikariProxyConnection@1472047793 wrapping com.mysql.cj.jdbc.ConnectionImpl@62660b37] for JDBC transaction
2025-04-13 10:40:20.143 [http-nio-8080-exec-2] DEBUG o.s.jdbc.support.JdbcTransactionManager-Switching JDBC Connection [HikariProxyConnection@1472047793 wrapping com.mysql.cj.jdbc.ConnectionImpl@62660b37] to manual commit
2025-04-13 10:40:20.169 [http-nio-8080-exec-2] DEBUG o.s.jdbc.support.JdbcTransactionManager-Suspending current transaction, creating new transaction with name [com.spark.service.impl.EmpLogServiceImpl.insertLog]
2025-04-13 10:40:20.170 [http-nio-8080-exec-2] DEBUG o.s.jdbc.support.JdbcTransactionManager-Acquired Connection [HikariProxyConnection@1960805302 wrapping com.mysql.cj.jdbc.ConnectionImpl@1673ecfb] for JDBC transaction
2025-04-13 10:40:20.170 [http-nio-8080-exec-2] DEBUG o.s.jdbc.support.JdbcTransactionManager-Switching JDBC Connection [HikariProxyConnection@1960805302 wrapping com.mysql.cj.jdbc.ConnectionImpl@1673ecfb] to manual commit
2025-04-13 10:40:20.178 [http-nio-8080-exec-2] DEBUG o.s.jdbc.support.JdbcTransactionManager-Initiating transaction commit
2025-04-13 10:40:20.178 [http-nio-8080-exec-2] DEBUG o.s.jdbc.support.JdbcTransactionManager-Committing JDBC transaction on Connection [HikariProxyConnection@1960805302 wrapping com.mysql.cj.jdbc.ConnectionImpl@1673ecfb]
2025-04-13 10:40:20.182 [http-nio-8080-exec-2] DEBUG o.s.jdbc.support.JdbcTransactionManager-Releasing JDBC Connection [HikariProxyConnection@1960805302 wrapping com.mysql.cj.jdbc.ConnectionImpl@1673ecfb] after transaction
2025-04-13 10:40:20.182 [http-nio-8080-exec-2] DEBUG o.s.jdbc.support.JdbcTransactionManager-Resuming suspended transaction after completion of inner transaction
2025-04-13 10:40:20.183 [http-nio-8080-exec-2] DEBUG o.s.jdbc.support.JdbcTransactionManager-Initiating transaction commit
2025-04-13 10:40:20.183 [http-nio-8080-exec-2] DEBUG o.s.jdbc.support.JdbcTransactionManager-Committing JDBC transaction on Connection [HikariProxyConnection@1472047793 wrapping com.mysql.cj.jdbc.ConnectionImpl@62660b37]
2025-04-13 10:40:20.187 [http-nio-8080-exec-2] DEBUG o.s.jdbc.support.JdbcTransactionManager-Releasing JDBC Connection [HikariProxyConnection@1472047793 wrapping com.mysql.cj.jdbc.ConnectionImpl@62660b37] after transaction
2025-04-13 10:40:20.218 [http-nio-8080-exec-4] INFO  com.spark.controller.EmpController-查询请求参数： EmpQueryParam(page=1, pageSize=10, name=, gender=null, begin=null, end=null)
2025-04-13 10:40:38.291 [http-nio-8080-exec-5] INFO  com.spark.controller.EmpController-查询请求参数： EmpQueryParam(page=4, pageSize=10, name=, gender=null, begin=null, end=null)
2025-04-13 10:40:41.614 [http-nio-8080-exec-3] WARN  o.s.w.s.m.support.DefaultHandlerExceptionResolver-Resolved [org.springframework.web.HttpRequestMethodNotSupportedException: Request method 'DELETE' not supported]
2025-04-13 10:40:45.690 [http-nio-8080-exec-6] WARN  o.s.w.s.m.support.DefaultHandlerExceptionResolver-Resolved [org.springframework.web.HttpRequestMethodNotSupportedException: Request method 'DELETE' not supported]
2025-04-13 10:41:05.485 [http-nio-8080-exec-7] INFO  com.spark.controller.EmpController-查询请求参数： EmpQueryParam(page=4, pageSize=10, name=ff, gender=null, begin=null, end=null)
2025-04-13 10:41:05.504 [http-nio-8080-exec-8] INFO  com.spark.controller.EmpController-查询请求参数： EmpQueryParam(page=1, pageSize=10, name=ff, gender=null, begin=null, end=null)
2025-04-13 10:41:15.637 [http-nio-8080-exec-9] INFO  com.spark.controller.EmpController-查询请求参数： EmpQueryParam(page=1, pageSize=10, name=, gender=null, begin=null, end=null)
2025-04-13 10:41:42.401 [http-nio-8080-exec-1] INFO  com.spark.controller.EmpController-新增员工 Emp(id=null, username=fff, password=null, name=fff, gender=1, phone=1880955526, job=1, salary=8000, image=https://web-framework.oss-cn-hangzhou.aliyuncs.com/2022-09-03-07-37-38222.jpg, entryDate=2022-09-18, deptId=1, createTime=null, updateTime=null, deptName=null, exprList=[EmpExpr(id=null, empId=null, begin=2012-07-01, end=2019-03-03, company=百度科技股份有限公司, job=java开发), EmpExpr(id=null, empId=null, begin=2019-03-15, end=2023-03-01, company=阿里巴巴科技股份有限公司, job=架构师)])
2025-04-13 10:41:42.401 [http-nio-8080-exec-1] DEBUG o.s.jdbc.support.JdbcTransactionManager-Creating new transaction with name [com.spark.service.impl.EmpServiceImpl.save]: PROPAGATION_REQUIRED,ISOLATION_DEFAULT,-java.lang.Exception
2025-04-13 10:41:42.401 [http-nio-8080-exec-1] DEBUG o.s.jdbc.support.JdbcTransactionManager-Acquired Connection [HikariProxyConnection@1053587329 wrapping com.mysql.cj.jdbc.ConnectionImpl@62660b37] for JDBC transaction
2025-04-13 10:41:42.401 [http-nio-8080-exec-1] DEBUG o.s.jdbc.support.JdbcTransactionManager-Switching JDBC Connection [HikariProxyConnection@1053587329 wrapping com.mysql.cj.jdbc.ConnectionImpl@62660b37] to manual commit
2025-04-13 10:41:42.407 [http-nio-8080-exec-1] DEBUG o.s.jdbc.support.JdbcTransactionManager-Suspending current transaction, creating new transaction with name [com.spark.service.impl.EmpLogServiceImpl.insertLog]
2025-04-13 10:41:42.408 [http-nio-8080-exec-1] DEBUG o.s.jdbc.support.JdbcTransactionManager-Acquired Connection [HikariProxyConnection@407136168 wrapping com.mysql.cj.jdbc.ConnectionImpl@1673ecfb] for JDBC transaction
2025-04-13 10:41:42.408 [http-nio-8080-exec-1] DEBUG o.s.jdbc.support.JdbcTransactionManager-Switching JDBC Connection [HikariProxyConnection@407136168 wrapping com.mysql.cj.jdbc.ConnectionImpl@1673ecfb] to manual commit
2025-04-13 10:41:42.409 [http-nio-8080-exec-1] DEBUG o.s.jdbc.support.JdbcTransactionManager-Initiating transaction commit
2025-04-13 10:41:42.409 [http-nio-8080-exec-1] DEBUG o.s.jdbc.support.JdbcTransactionManager-Committing JDBC transaction on Connection [HikariProxyConnection@407136168 wrapping com.mysql.cj.jdbc.ConnectionImpl@1673ecfb]
2025-04-13 10:41:42.421 [http-nio-8080-exec-1] DEBUG o.s.jdbc.support.JdbcTransactionManager-Releasing JDBC Connection [HikariProxyConnection@407136168 wrapping com.mysql.cj.jdbc.ConnectionImpl@1673ecfb] after transaction
2025-04-13 10:41:42.421 [http-nio-8080-exec-1] DEBUG o.s.jdbc.support.JdbcTransactionManager-Resuming suspended transaction after completion of inner transaction
2025-04-13 10:41:42.421 [http-nio-8080-exec-1] DEBUG o.s.jdbc.support.JdbcTransactionManager-Initiating transaction commit
2025-04-13 10:41:42.421 [http-nio-8080-exec-1] DEBUG o.s.jdbc.support.JdbcTransactionManager-Committing JDBC transaction on Connection [HikariProxyConnection@1053587329 wrapping com.mysql.cj.jdbc.ConnectionImpl@62660b37]
2025-04-13 10:41:42.425 [http-nio-8080-exec-1] DEBUG o.s.jdbc.support.JdbcTransactionManager-Releasing JDBC Connection [HikariProxyConnection@1053587329 wrapping com.mysql.cj.jdbc.ConnectionImpl@62660b37] after transaction
2025-04-13 10:41:49.606 [SpringApplicationShutdownHook] INFO  com.zaxxer.hikari.HikariDataSource-HikariPool-1 - Shutdown initiated...
2025-04-13 10:41:49.611 [SpringApplicationShutdownHook] INFO  com.zaxxer.hikari.HikariDataSource-HikariPool-1 - Shutdown completed.
2025-04-13 10:43:57.193 [main] INFO  com.spark.SparkWebManagementApplication-Starting SparkWebManagementApplication using Java 1.8.0_381 on LAPTOP-UUOPFAT0 with PID 9772 (G:\open\Spark-web-management\target\classes started by krystal in G:\open\Spark-web-management)
2025-04-13 10:43:57.194 [main] INFO  com.spark.SparkWebManagementApplication-No active profile set, falling back to 1 default profile: "default"
2025-04-13 10:43:57.863 [main] INFO  o.s.boot.web.embedded.tomcat.TomcatWebServer-Tomcat initialized with port(s): 8080 (http)
2025-04-13 10:43:57.863 [main] INFO  org.apache.catalina.core.AprLifecycleListener-Loaded Apache Tomcat Native library [1.3.1] using APR version [1.7.4].
2025-04-13 10:43:57.863 [main] INFO  org.apache.catalina.core.AprLifecycleListener-APR capabilities: IPv6 [true], sendfile [true], accept filters [false], random [true], UDS [true].
2025-04-13 10:43:57.863 [main] INFO  org.apache.catalina.core.AprLifecycleListener-APR/OpenSSL configuration: useAprConnector [false], useOpenSSL [true]
2025-04-13 10:43:57.866 [main] INFO  org.apache.catalina.core.AprLifecycleListener-OpenSSL successfully initialized [OpenSSL 3.0.14 4 Jun 2024]
2025-04-13 10:43:57.870 [main] INFO  org.apache.coyote.http11.Http11NioProtocol-Initializing ProtocolHandler ["http-nio-8080"]
2025-04-13 10:43:57.870 [main] INFO  org.apache.catalina.core.StandardService-Starting service [Tomcat]
2025-04-13 10:43:57.870 [main] INFO  org.apache.catalina.core.StandardEngine-Starting Servlet engine: [Apache Tomcat/9.0.68]
2025-04-13 10:43:57.961 [main] INFO  o.a.c.core.ContainerBase.[Tomcat].[localhost].[/]-Initializing Spring embedded WebApplicationContext
2025-04-13 10:43:57.961 [main] INFO  o.s.b.w.s.c.ServletWebServerApplicationContext-Root WebApplicationContext: initialization completed in 742 ms
2025-04-13 10:43:58.408 [main] INFO  o.s.b.actuate.endpoint.web.EndpointLinksResolver-Exposing 1 endpoint(s) beneath base path '/actuator'
2025-04-13 10:43:58.422 [main] INFO  org.apache.coyote.http11.Http11NioProtocol-Starting ProtocolHandler ["http-nio-8080"]
2025-04-13 10:43:58.430 [main] INFO  o.s.boot.web.embedded.tomcat.TomcatWebServer-Tomcat started on port(s): 8080 (http) with context path ''
2025-04-13 10:43:58.439 [main] INFO  com.spark.SparkWebManagementApplication-Started SparkWebManagementApplication in 1.43 seconds (JVM running for 2.104)
2025-04-13 10:43:59.025 [RMI TCP Connection(3)-192.168.116.1] INFO  o.a.c.core.ContainerBase.[Tomcat].[localhost].[/]-Initializing Spring DispatcherServlet 'dispatcherServlet'
2025-04-13 10:43:59.026 [RMI TCP Connection(3)-192.168.116.1] INFO  org.springframework.web.servlet.DispatcherServlet-Initializing Servlet 'dispatcherServlet'
2025-04-13 10:43:59.026 [RMI TCP Connection(1)-192.168.116.1] INFO  com.zaxxer.hikari.HikariDataSource-HikariPool-1 - Starting...
2025-04-13 10:43:59.027 [RMI TCP Connection(3)-192.168.116.1] INFO  org.springframework.web.servlet.DispatcherServlet-Completed initialization in 1 ms
2025-04-13 10:43:59.461 [RMI TCP Connection(1)-192.168.116.1] INFO  com.zaxxer.hikari.HikariDataSource-HikariPool-1 - Start completed.
2025-04-13 10:44:04.487 [http-nio-8080-exec-1] INFO  com.spark.controller.EmpController-查询请求参数： EmpQueryParam(page=1, pageSize=10, name=, gender=null, begin=null, end=null)
2025-04-13 10:44:06.176 [http-nio-8080-exec-4] INFO  com.spark.controller.EmpController-查询请求参数： EmpQueryParam(page=1, pageSize=10, name=, gender=null, begin=null, end=null)
2025-04-13 10:44:16.686 [SpringApplicationShutdownHook] INFO  com.zaxxer.hikari.HikariDataSource-HikariPool-1 - Shutdown initiated...
2025-04-13 10:44:16.690 [SpringApplicationShutdownHook] INFO  com.zaxxer.hikari.HikariDataSource-HikariPool-1 - Shutdown completed.
